[21:03:34] [INIT] KubeJS 2001.6.5-build.16; MC 2001 forge
[21:03:34] [INIT] Loaded plugins:
[21:03:34] [INIT] - dev.latvian.mods.kubejs.forge.BuiltinKubeJSForgePlugin
[21:03:34] [INIT] - net.threetag.palladium.compat.kubejs.PalladiumKubeJSPlugin
[21:03:35] [INFO] example.js#5: Hello, World! (Loaded server scripts)
[21:03:35] [INFO] Loaded script server_scripts:example.js in 0.001 s
[21:03:35] [INFO] Loaded script addonpack_alienevo:kubejs_scripts/break_block.js in 0.001 s
[21:03:35] [INFO] Loaded script addonpack_alienevo:kubejs_scripts/failsafe.js in 0.001 s
[21:03:35] [INFO] Loaded script addonpack_alienevo:kubejs_scripts/quick_change.js in 0.002 s
[21:03:35] [INFO] Loaded script addonpack_alienevo:kubejs_scripts/level_command.js in 0.001 s
[21:03:35] [INFO] Loaded script addonpack_alienevo:kubejs_scripts/recipes.js in 0.001 s
[21:03:35] [INFO] Loaded script addonpack_alienevo:kubejs_scripts/pod_loot.js in 0.001 s
[21:03:35] [INFO] addonpack_alienevo:kubejs_scripts/attributes.js#1: Loaded Java class 'net.minecraft.world.entity.ai.attributes.Attributes'
[21:03:35] [INFO] Loaded script addonpack_alienevo:kubejs_scripts/attributes.js in 0.002 s
[21:03:35] [INFO] Loaded script addonpack_alienevo:kubejs_scripts/workbench_items.js in 0.001 s
[21:03:35] [INFO] Loaded script addonpack_alienevo:kubejs_scripts/palladium_properties.js in 0.002 s
[21:03:35] [INFO] Loaded script addonpack_alienevo:kubejs_scripts/playlist_command.js in 0.007 s
[21:03:35] [INFO] addonpack_alienevo:kubejs_scripts/hit.js#101: Loaded Java class 'net.minecraft.world.entity.LivingEntity'
[21:03:35] [INFO] addonpack_alienevo:kubejs_scripts/hit.js#102: Loaded Java class 'net.minecraft.world.entity.decoration.ArmorStand'
[21:03:35] [INFO] addonpack_alienevo:kubejs_scripts/hit.js#103: Loaded Java class 'net.minecraft.world.entity.projectile.Projectile'
[21:03:35] [INFO] addonpack_alienevo:kubejs_scripts/hit.js#145: Loaded Java class 'net.minecraft.resources.ResourceKey'
[21:03:35] [INFO] addonpack_alienevo:kubejs_scripts/hit.js#146: Loaded Java class 'net.minecraft.tags.TagKey'
[21:03:35] [INFO] Loaded script addonpack_alienevo:kubejs_scripts/hit.js in 0.018 s
[21:03:35] [INFO] Loaded script addonpack_alienevo:kubejs_scripts/nickname_command.js in 0.002 s
[21:03:35] [INFO] Loaded script addonpack_alienevo:kubejs_scripts/code_hints.js in 0.001 s
[21:03:35] [INFO] Loaded script addonpack_alienevo:kubejs_scripts/behind.js in 0.0 s
[21:03:35] [INFO] Loaded script addonpack_alienevo:kubejs_scripts/xp.js in 0.0 s
[21:03:35] [INFO] Loaded script addonpack_alienevo:kubejs_scripts/fall.js in 0.0 s
[21:03:35] [INFO] Loaded script addonpack_alienevo:kubejs_scripts/server_stuff.js in 0.003 s
[21:03:35] [INFO] Loaded script addonpack_alienevo:kubejs_scripts/color_commands.js in 0.0 s
[21:03:35] [INFO] Loaded script addonpack_alienevo:kubejs_scripts/workbench.js in 0.024 s
[21:03:35] [INFO] Loaded script addonpack_alienevo:kubejs_scripts/ride.js in 0.001 s
[21:03:35] [INFO] addonpack_alienevo:kubejs_scripts/slam.js#3: Loaded Java class 'net.minecraft.core.particles.DustParticleOptions'
[21:03:35] [INFO] addonpack_alienevo:kubejs_scripts/slam.js#4: Loaded Java class 'org.joml.Vector3f'
[21:03:35] [INFO] Loaded script addonpack_alienevo:kubejs_scripts/slam.js in 0.005 s
[21:03:35] [INFO] Loaded script addonpack_mypowers:kubejs_scripts/auto_playlist.js in 0.001 s
[21:03:35] [INFO] Loaded script addonpack_mypowers:kubejs_scripts/nullvoid_portal.js in 0.006 s
[21:03:35] [INFO] Loaded script addonpack_mypowers:kubejs_scripts/nullvoid_farmland.js in 0.001 s
[21:03:35] [INFO] Loaded script addonpack_mypowers:kubejs_scripts/nodamage.js in 0.0 s
[21:03:35] [INFO] Loaded script addonpack_mypowers:kubejs_scripts/debate_dimension_tp.js in 0.001 s
[21:03:35] [INFO] Loaded script addonpack_satsu_iron_man_addon:kubejs_scripts/steel_ingot.js in 0.0 s
[21:03:35] [INFO] Loaded script addonpack_satsu_iron_man_addon:kubejs_scripts/carbon_mesh.js in 0.001 s
[21:03:35] [INFO] Loaded script addonpack_satsu_iron_man_addon:kubejs_scripts/steel_gold_alloy_refined.js in 0.0 s
[21:03:35] [INFO] Loaded script addonpack_satsu_iron_man_addon:kubejs_scripts/ia/properties.js in 0.0 s
[21:03:35] [INFO] Loaded script addonpack_satsu_iron_man_addon:kubejs_scripts/prevent_eat.js in 0.0 s
[21:03:35] [INFO] Loaded script addonpack_satsu_iron_man_addon:kubejs_scripts/string_property_variable_test.js in 0.002 s
[21:03:35] [INFO] Loaded script addonpack_grave.core:kubejs_scripts/key.js in 0.0 s
[21:03:35] [INFO] Loaded script addonpack_grave.core:kubejs_scripts/receive_power_selected.js in 0.0 s
[21:03:35] [INFO] Loaded script addonpack_grave.core:kubejs_scripts/death_no_armour.js in 0.001 s
[21:03:35] [INFO] Loaded script addonpack_grave.core:kubejs_scripts/camera.js in 0.0 s
[21:03:35] [INFO] Loaded 37/37 KubeJS server scripts in 0.123 s with 0 errors and 0 warnings
[21:03:35] [INFO] Scripts loaded
[21:03:35] [INFO] Initializing recipe event...
[21:03:37] [INFO] [minecraft:item] Found 651 tags, added 5 objects, removed 0 objects
[21:03:37] [INFO] [minecraft:block] Found 457 tags, added 18 objects, removed 0 objects
[21:03:38] [INFO] Processing recipes...
[21:03:38] [WARN] Failed to parse recipe 'satsu_iron_man_addon:marks/mark_46/main[minecraft:crafting_shaped]'! Falling back to vanilla: ItemStack 'result' can't be empty!
[21:03:38] [WARN] Failed to parse recipe 'satsu_iron_man_addon:marks/mark_4/legs[minecraft:crafting_shaped]'! Falling back to vanilla: ItemStack 'result' can't be empty!
[21:03:38] [WARN] Failed to parse recipe 'satsu_iron_man_addon:armor_place[minecraft:crafting_shaped]'! Falling back to vanilla: ItemStack 'result' can't be empty!
[21:03:38] [WARN] Failed to parse recipe 'satsu_iron_man_addon:marks/mark_4/chest[minecraft:crafting_shaped]'! Falling back to vanilla: ItemStack 'result' can't be empty!
[21:03:38] [WARN] Failed to parse recipe 'satsu_iron_man_addon:marks/mark_4/feet[minecraft:crafting_shaped]'! Falling back to vanilla: ItemStack 'result' can't be empty!
[21:03:38] [WARN] Failed to parse recipe 'satsu_iron_man_addon:marks/mark_44/main[minecraft:crafting_shaped]'! Falling back to vanilla: ItemStack 'result' can't be empty!
[21:03:38] [WARN] Failed to parse recipe 'satsu_iron_man_addon:ark_baterry[minecraft:crafting_shaped]'! Falling back to vanilla: ItemStack 'result' can't be empty!
[21:03:38] [WARN] Failed to parse recipe 'satsu_iron_man_addon:marks/mark_4/head[minecraft:crafting_shaped]'! Falling back to vanilla: ItemStack 'result' can't be empty!
[21:03:38] [WARN] Failed to parse recipe 'satsu_iron_man_addon:marks/mark_48/main[minecraft:crafting_shaped]'! Falling back to vanilla: ItemStack 'result' can't be empty!
[21:03:38] [WARN] Failed to parse recipe 'satsu_iron_man_addon:steel_gold_ingot[minecraft:crafting_shaped]'! Falling back to vanilla: ItemStack 'result' can't be empty!
[21:03:38] [WARN] Failed to parse recipe 'satsu_iron_man_addon:marks/mark_49/main[minecraft:crafting_shaped]'! Falling back to vanilla: ItemStack 'result' can't be empty!
[21:03:38] [INFO] Found 4129 recipes in 133.8 ms
[21:03:38] [INFO] Posted recipe events in 5.704 ms
[21:03:38] [WARN] Error parsing recipe satsu_iron_man_addon:marks/mark_46/main[minecraft:crafting_shaped]: {"type":"minecraft:crafting_shaped","group":"iron_man","pattern":["CGC","GPG","CGC"],"key":{"G":{"item":"satsu_iron_man_addon:steel_gold_refined_alloy"},"P":{"item":"satsu_iron_man_addon:recipes/mark_46/main"},"C":{"item":"satsu_iron_man_addon:advanced_circuit"}},"result":{"item":"satsu_iron_man_addon:marks/mark_46/bracelet","count":1}}: Unknown item 'satsu_iron_man_addon:recipes/mark_46/main'
[21:03:38] [WARN] Error parsing recipe satsu_iron_man_addon:ark_baterry[minecraft:crafting_shaped]: {"type":"minecraft:crafting_shaped","group":"iron_man","pattern":["CCC","RcR","cRc"],"key":{"R":{"item":"minecraft:redstone"},"c":{"item":"minecraft:iron_ingot"},"C":{"item":"minecraft:copper_ingot"}},"result":{"item":"satsu_iron_man_addon:ark_baterry","count":1}}: Unknown item 'satsu_iron_man_addon:ark_baterry'
[21:03:38] [WARN] Error parsing recipe satsu_iron_man_addon:marks/mark_4/legs[minecraft:crafting_shaped]: {"type":"minecraft:crafting_shaped","group":"iron_man","pattern":["GGG","GPG","G G"],"key":{"G":{"item":"satsu_iron_man_addon:steel_gold_refined_alloy"},"P":{"item":"satsu_iron_man_addon:recipes/mark_4/legs"}},"result":{"item":"satsu_iron_man_addon:marks/mark_4/mark_4_legs","count":1}}: Unknown item 'satsu_iron_man_addon:recipes/mark_4/legs'
[21:03:38] [WARN] Error parsing recipe satsu_iron_man_addon:marks/mark_4/head[minecraft:crafting_shaped]: {"type":"minecraft:crafting_shaped","group":"iron_man","pattern":["GPG","G G","   "],"key":{"G":{"item":"satsu_iron_man_addon:steel_gold_refined_alloy"},"P":{"item":"satsu_iron_man_addon:recipes/mark_4/head"}},"result":{"item":"satsu_iron_man_addon:marks/mark_4/mark_4_head","count":1}}: Unknown item 'satsu_iron_man_addon:recipes/mark_4/head'
[21:03:38] [WARN] Error parsing recipe satsu_iron_man_addon:marks/mark_4/feet[minecraft:crafting_shaped]: {"type":"minecraft:crafting_shaped","group":"iron_man","pattern":[" P ","G G","G G"],"key":{"G":{"item":"satsu_iron_man_addon:steel_gold_refined_alloy"},"P":{"item":"satsu_iron_man_addon:recipes/mark_4/feet"}},"result":{"item":"satsu_iron_man_addon:marks/mark_4/mark_4_feet","count":1}}: Unknown item 'satsu_iron_man_addon:recipes/mark_4/feet'
[21:03:38] [WARN] Error parsing recipe satsu_iron_man_addon:marks/mark_48/main[minecraft:crafting_shaped]: {"type":"minecraft:crafting_shaped","group":"iron_man","pattern":["CGC","GPG","CGC"],"key":{"G":{"item":"satsu_iron_man_addon:steel_gold_refined_alloy"},"P":{"item":"satsu_iron_man_addon:recipes/mark_48/main"},"C":{"item":"satsu_iron_man_addon:advanced_circuit"}},"result":{"item":"satsu_iron_man_addon:marks/mark_48/bracelet","count":1}}: Unknown item 'satsu_iron_man_addon:recipes/mark_48/main'
[21:03:38] [WARN] Error parsing recipe satsu_iron_man_addon:marks/mark_44/main[minecraft:crafting_shaped]: {"type":"minecraft:crafting_shaped","group":"iron_man","pattern":["CGC","GPG","CGC"],"key":{"G":{"item":"satsu_iron_man_addon:steel_gold_refined_alloy"},"P":{"item":"satsu_iron_man_addon:recipes/mark_44/main"},"C":{"item":"satsu_iron_man_addon:advanced_circuit"}},"result":{"item":"satsu_iron_man_addon:marks/mark_44/bracelet","count":1}}: Unknown item 'satsu_iron_man_addon:recipes/mark_44/main'
[21:03:38] [WARN] Error parsing recipe satsu_iron_man_addon:armor_place[minecraft:crafting_shaped]: {"type":"minecraft:crafting_shaped","group":"iron_man","pattern":["   "," # ","   "],"key":{"#":{"item":"minecraft:armor_stand"}},"result":{"item":"satsu_iron_man_addon:armor_place","count":1}}: Unknown item 'satsu_iron_man_addon:armor_place'
[21:03:38] [WARN] Error parsing recipe satsu_iron_man_addon:marks/mark_4/chest[minecraft:crafting_shaped]: {"type":"minecraft:crafting_shaped","group":"iron_man","pattern":["G G","GPG","GGG"],"key":{"G":{"item":"satsu_iron_man_addon:steel_gold_refined_alloy"},"P":{"item":"satsu_iron_man_addon:recipes/mark_4/chest"}},"result":{"item":"satsu_iron_man_addon:marks/mark_4/mark_4_chest","count":1}}: Unknown item 'satsu_iron_man_addon:recipes/mark_4/chest'
[21:03:38] [WARN] Error parsing recipe satsu_iron_man_addon:steel_gold_ingot[minecraft:crafting_shaped]: {"type":"minecraft:crafting_shaped","group":"iron_man","pattern":["#C ","   ","   "],"key":{"#":{"item":"satsu_iron_man_addon:steel_ingot"},"C":{"item":"minecraft:gold_ingot"}},"result":{"item":"satsu_iron_man_addon:steel_gold_ingot","count":1}}: Unknown item 'satsu_iron_man_addon:steel_gold_ingot'
[21:03:38] [WARN] Error parsing recipe satsu_iron_man_addon:marks/mark_49/main[minecraft:crafting_shaped]: {"type":"minecraft:crafting_shaped","group":"iron_man","pattern":["CGC","GPG","CGC"],"key":{"G":{"item":"satsu_iron_man_addon:steel_gold_refined_alloy"},"P":{"item":"satsu_iron_man_addon:recipes/mark_49/main"},"C":{"item":"satsu_iron_man_addon:advanced_circuit"}},"result":{"item":"satsu_iron_man_addon:marks/mark_49/bracelet","count":1}}: Unknown item 'satsu_iron_man_addon:recipes/mark_49/main'
[21:03:38] [INFO] Added 11 recipes, removed 0 recipes, modified 0 recipes, with 11 failed recipes in 102.2 ms
[21:03:40] [INFO] Server resource reload complete!
[21:19:30] [ERROR] ! addonpack_alienevo:kubejs_scripts/ride.js#13: Error in 'ItemEvents.entityInteracted': Can't find method net.threetag.palladium.power.ability.AbilityUtil.hasPower(net.minecraft.world.entity.decoration.ItemFrame,string).
[21:19:30] [ERROR] ! …rhino.EvaluatorException: Can't find method net.threetag.palladium.power.ability.AbilityUtil.hasPower(net.minecraft.world.entity.decoration.ItemFrame,string). (addonpack_alienevo:kubejs_scripts/ride.js#13)
[21:19:30] [ERROR] !   at …rhino.DefaultErrorReporter.runtimeError(DefaultErrorReporter.java:67)
[21:19:30] [ERROR] !   at …rhino.Context.reportRuntimeError(Context.java:133)
[21:19:30] [ERROR] !   at …rhino.Context.reportRuntimeError(Context.java:173)
[21:19:30] [ERROR] !   at …rhino.Context.reportRuntimeError1(Context.java:145)
[21:19:30] [ERROR] !   at …rhino.NativeJavaMethod.call(NativeJavaMethod.java:379)
[21:19:30] [ERROR] !   at …rhino.Interpreter.interpretLoop(Interpreter.java:986)
[21:19:30] [ERROR] !   at script(addonpack_alienevo:kubejs_scripts/ride.js:13)
[21:19:30] [ERROR] !   at …rhino.Interpreter.interpret(Interpreter.java:370)
[21:19:30] [ERROR] !   at …rhino.InterpretedFunction.call(InterpretedFunction.java:72)
[21:19:30] [ERROR] !   at …rhino.Context.callSync(Context.java:1357)
[21:19:30] [ERROR] !   at …rhino.Context.doTopCall(Context.java:1374)
[21:19:30] [ERROR] !   at …rhino.InterpretedFunction.call(InterpretedFunction.java:70)
[21:19:30] [ERROR] !   at …rhino.Context.callSync(Context.java:1357)
[21:19:30] [ERROR] !   at …rhino.ArrowFunction.call(ArrowFunction.java:42)
[21:19:30] [ERROR] !   at …rhino.Context.callSync(Context.java:1357)
[21:19:30] [ERROR] !   at …rhino.InterfaceAdapter.invoke(InterfaceAdapter.java:125)
[21:19:30] [ERROR] !   at …rhino.VMBridge.lambda$newInterfaceProxy$0(VMBridge.java:74)
[21:19:30] [ERROR] !   at TRANSFORMER/jdk.proxy3/jdk.proxy3.$Proxy55.onEvent(Unknown Source)
[21:19:30] [ERROR] !   at …kubejs.event.EventHandlerContainer.handle(EventHandlerContainer.java:39)
[21:19:30] [ERROR] !   at …kubejs.event.EventHandler.postToHandlers(EventHandler.java:304)
[21:19:30] [ERROR] !   at …kubejs.event.EventHandler.post(EventHandler.java:272)
[21:19:30] [ERROR] !   at …kubejs.event.EventHandler.post(EventHandler.java:226)
[21:19:30] [ERROR] !   at …kubejs.item.KubeJSItemEventHandler.entityInteract(KubeJSItemEventHandler.java:57)
[21:19:30] [ERROR] !   at dev.architectury.event.forge.EventHandlerImplCommon.eventPlayerInteractEvent(EventHandlerImplCommon.java:348)
[21:19:30] [ERROR] !   at dev.architectury.event.forge.__EventHandlerImplCommon_eventPlayerInteractEvent_EntityInteract.invoke(.dynamic)
[21:19:30] [ERROR] !   at MC-BOOTSTRAP/net.minecraftforge.eventbus/net.minecraftforge.eventbus.ASMEventHandler.invoke(ASMEventHandler.java:73)
[21:19:30] [ERROR] !   at MC-BOOTSTRAP/net.minecraftforge.eventbus/net.minecraftforge.eventbus.EventBus.post(EventBus.java:315)
[21:19:30] [ERROR] !   at MC-BOOTSTRAP/net.minecraftforge.eventbus/net.minecraftforge.eventbus.EventBus.post(EventBus.java:296)
[21:19:30] [ERROR] !   at net.minecraftforge.common.ForgeHooks.onInteractEntity(ForgeHooks.java:764)
[21:19:30] [ERROR] !   at net.minecraft.world.entity.player.Player.m_36157_(Player.java:975)
[21:19:30] [ERROR] !   at net.minecraft.server.network.ServerGamePacketListenerImpl$1.m_143678_(ServerGamePacketListenerImpl.java:1460)
[21:19:30] [ERROR] !   at net.minecraft.server.network.ServerGamePacketListenerImpl$1.m_142299_(ServerGamePacketListenerImpl.java:1472)
[21:19:30] [ERROR] !   at net.minecraft.network.protocol.game.ServerboundInteractPacket$InteractionAction.m_142457_(ServerboundInteractPacket.java:116)
[21:19:30] [ERROR] !   at net.minecraft.network.protocol.game.ServerboundInteractPacket.m_179617_(ServerboundInteractPacket.java:66)
[21:19:30] [ERROR] !   at net.minecraft.server.network.ServerGamePacketListenerImpl.m_6946_(ServerGamePacketListenerImpl.java:1455)
[21:19:30] [ERROR] !   at net.minecraft.network.protocol.game.ServerboundInteractPacket.m_5797_(ServerboundInteractPacket.java:53)
[21:19:30] [ERROR] !   at net.minecraft.network.protocol.game.ServerboundInteractPacket.m_5797_(ServerboundInteractPacket.java:13)
[21:19:30] [ERROR] !   at net.minecraft.network.protocol.PacketUtils.m_263899_(PacketUtils.java:22)
[21:19:30] [ERROR] !   at net.minecraft.server.TickTask.run(TickTask.java:18)
[21:19:30] [ERROR] !   at net.minecraft.util.thread.BlockableEventLoop.m_6367_(BlockableEventLoop.java:156)
[21:19:30] [ERROR] !   at net.minecraft.util.thread.ReentrantBlockableEventLoop.m_6367_(ReentrantBlockableEventLoop.java:23)
[21:19:30] [ERROR] !   at net.minecraft.server.MinecraftServer.m_6367_(MinecraftServer.java:770)
[21:19:30] [ERROR] !   at net.minecraft.server.MinecraftServer.m_6367_(MinecraftServer.java:161)
[21:19:30] [ERROR] !   at net.minecraft.util.thread.BlockableEventLoop.m_7245_(BlockableEventLoop.java:130)
[21:19:30] [ERROR] !   at net.minecraft.server.MinecraftServer.m_129961_(MinecraftServer.java:753)
[21:19:30] [ERROR] !   at net.minecraft.server.MinecraftServer.m_7245_(MinecraftServer.java:747)
[21:19:30] [ERROR] !   at net.minecraft.util.thread.BlockableEventLoop.m_18699_(BlockableEventLoop.java:115)
[21:19:30] [ERROR] !   at net.minecraft.server.MinecraftServer.m_130012_(MinecraftServer.java:732)
[21:19:30] [ERROR] !   at net.minecraft.server.MinecraftServer.m_130011_(MinecraftServer.java:665)
[21:19:30] [ERROR] !   at net.minecraft.server.MinecraftServer.m_206580_(MinecraftServer.java:251)
[21:19:30] [ERROR] !   at java.lang.Thread.run(Thread.java:840)
[21:19:36] [ERROR] ! addonpack_alienevo:kubejs_scripts/ride.js#13: Error in 'ItemEvents.entityInteracted': Can't find method net.threetag.palladium.power.ability.AbilityUtil.hasPower(net.minecraft.world.entity.decoration.ItemFrame,string).
[21:19:36] [ERROR] ! …rhino.EvaluatorException: Can't find method net.threetag.palladium.power.ability.AbilityUtil.hasPower(net.minecraft.world.entity.decoration.ItemFrame,string). (addonpack_alienevo:kubejs_scripts/ride.js#13)
[21:19:36] [ERROR] !   at …rhino.DefaultErrorReporter.runtimeError(DefaultErrorReporter.java:67)
[21:19:36] [ERROR] !   at …rhino.Context.reportRuntimeError(Context.java:133)
[21:19:36] [ERROR] !   at …rhino.Context.reportRuntimeError(Context.java:173)
[21:19:36] [ERROR] !   at …rhino.Context.reportRuntimeError1(Context.java:145)
[21:19:36] [ERROR] !   at …rhino.NativeJavaMethod.call(NativeJavaMethod.java:379)
[21:19:36] [ERROR] !   at …rhino.Interpreter.interpretLoop(Interpreter.java:986)
[21:19:36] [ERROR] !   at script(addonpack_alienevo:kubejs_scripts/ride.js:13)
[21:19:36] [ERROR] !   at …rhino.Interpreter.interpret(Interpreter.java:370)
[21:19:36] [ERROR] !   at …rhino.InterpretedFunction.call(InterpretedFunction.java:72)
[21:19:36] [ERROR] !   at …rhino.Context.callSync(Context.java:1357)
[21:19:36] [ERROR] !   at …rhino.Context.doTopCall(Context.java:1374)
[21:19:36] [ERROR] !   at …rhino.InterpretedFunction.call(InterpretedFunction.java:70)
[21:19:36] [ERROR] !   at …rhino.Context.callSync(Context.java:1357)
[21:19:36] [ERROR] !   at …rhino.ArrowFunction.call(ArrowFunction.java:42)
[21:19:36] [ERROR] !   at …rhino.Context.callSync(Context.java:1357)
[21:19:36] [ERROR] !   at …rhino.InterfaceAdapter.invoke(InterfaceAdapter.java:125)
[21:19:36] [ERROR] !   at …rhino.VMBridge.lambda$newInterfaceProxy$0(VMBridge.java:74)
[21:19:36] [ERROR] !   at TRANSFORMER/jdk.proxy3/jdk.proxy3.$Proxy55.onEvent(Unknown Source)
[21:19:36] [ERROR] !   at …kubejs.event.EventHandlerContainer.handle(EventHandlerContainer.java:39)
[21:19:36] [ERROR] !   at …kubejs.event.EventHandler.postToHandlers(EventHandler.java:304)
[21:19:36] [ERROR] !   at …kubejs.event.EventHandler.post(EventHandler.java:272)
[21:19:36] [ERROR] !   at …kubejs.event.EventHandler.post(EventHandler.java:226)
[21:19:36] [ERROR] !   at …kubejs.item.KubeJSItemEventHandler.entityInteract(KubeJSItemEventHandler.java:57)
[21:19:36] [ERROR] !   at dev.architectury.event.forge.EventHandlerImplCommon.eventPlayerInteractEvent(EventHandlerImplCommon.java:348)
[21:19:36] [ERROR] !   at dev.architectury.event.forge.__EventHandlerImplCommon_eventPlayerInteractEvent_EntityInteract.invoke(.dynamic)
[21:19:36] [ERROR] !   at MC-BOOTSTRAP/net.minecraftforge.eventbus/net.minecraftforge.eventbus.ASMEventHandler.invoke(ASMEventHandler.java:73)
[21:19:36] [ERROR] !   at MC-BOOTSTRAP/net.minecraftforge.eventbus/net.minecraftforge.eventbus.EventBus.post(EventBus.java:315)
[21:19:36] [ERROR] !   at MC-BOOTSTRAP/net.minecraftforge.eventbus/net.minecraftforge.eventbus.EventBus.post(EventBus.java:296)
[21:19:36] [ERROR] !   at net.minecraftforge.common.ForgeHooks.onInteractEntity(ForgeHooks.java:764)
[21:19:36] [ERROR] !   at net.minecraft.world.entity.player.Player.m_36157_(Player.java:975)
[21:19:36] [ERROR] !   at net.minecraft.server.network.ServerGamePacketListenerImpl$1.m_143678_(ServerGamePacketListenerImpl.java:1460)
[21:19:36] [ERROR] !   at net.minecraft.server.network.ServerGamePacketListenerImpl$1.m_142299_(ServerGamePacketListenerImpl.java:1472)
[21:19:36] [ERROR] !   at net.minecraft.network.protocol.game.ServerboundInteractPacket$InteractionAction.m_142457_(ServerboundInteractPacket.java:116)
[21:19:36] [ERROR] !   at net.minecraft.network.protocol.game.ServerboundInteractPacket.m_179617_(ServerboundInteractPacket.java:66)
[21:19:36] [ERROR] !   at net.minecraft.server.network.ServerGamePacketListenerImpl.m_6946_(ServerGamePacketListenerImpl.java:1455)
[21:19:36] [ERROR] !   at net.minecraft.network.protocol.game.ServerboundInteractPacket.m_5797_(ServerboundInteractPacket.java:53)
[21:19:36] [ERROR] !   at net.minecraft.network.protocol.game.ServerboundInteractPacket.m_5797_(ServerboundInteractPacket.java:13)
[21:19:36] [ERROR] !   at net.minecraft.network.protocol.PacketUtils.m_263899_(PacketUtils.java:22)
[21:19:36] [ERROR] !   at net.minecraft.server.TickTask.run(TickTask.java:18)
[21:19:36] [ERROR] !   at net.minecraft.util.thread.BlockableEventLoop.m_6367_(BlockableEventLoop.java:156)
[21:19:36] [ERROR] !   at net.minecraft.util.thread.ReentrantBlockableEventLoop.m_6367_(ReentrantBlockableEventLoop.java:23)
[21:19:36] [ERROR] !   at net.minecraft.server.MinecraftServer.m_6367_(MinecraftServer.java:770)
[21:19:36] [ERROR] !   at net.minecraft.server.MinecraftServer.m_6367_(MinecraftServer.java:161)
[21:19:36] [ERROR] !   at net.minecraft.util.thread.BlockableEventLoop.m_7245_(BlockableEventLoop.java:130)
[21:19:36] [ERROR] !   at net.minecraft.server.MinecraftServer.m_129961_(MinecraftServer.java:753)
[21:19:36] [ERROR] !   at net.minecraft.server.MinecraftServer.m_7245_(MinecraftServer.java:747)
[21:19:36] [ERROR] !   at net.minecraft.util.thread.BlockableEventLoop.m_18699_(BlockableEventLoop.java:115)
[21:19:36] [ERROR] !   at net.minecraft.server.MinecraftServer.m_130012_(MinecraftServer.java:732)
[21:19:36] [ERROR] !   at net.minecraft.server.MinecraftServer.m_130011_(MinecraftServer.java:665)
[21:19:36] [ERROR] !   at net.minecraft.server.MinecraftServer.m_206580_(MinecraftServer.java:251)
[21:19:36] [ERROR] !   at java.lang.Thread.run(Thread.java:840)
[21:19:36] [ERROR] ! addonpack_alienevo:kubejs_scripts/ride.js#13: Error in 'ItemEvents.entityInteracted': Can't find method net.threetag.palladium.power.ability.AbilityUtil.hasPower(net.minecraft.world.entity.decoration.ItemFrame,string).
[21:19:36] [ERROR] ! …rhino.EvaluatorException: Can't find method net.threetag.palladium.power.ability.AbilityUtil.hasPower(net.minecraft.world.entity.decoration.ItemFrame,string). (addonpack_alienevo:kubejs_scripts/ride.js#13)
[21:19:36] [ERROR] !   at …rhino.DefaultErrorReporter.runtimeError(DefaultErrorReporter.java:67)
[21:19:36] [ERROR] !   at …rhino.Context.reportRuntimeError(Context.java:133)
[21:19:36] [ERROR] !   at …rhino.Context.reportRuntimeError(Context.java:173)
[21:19:36] [ERROR] !   at …rhino.Context.reportRuntimeError1(Context.java:145)
[21:19:36] [ERROR] !   at …rhino.NativeJavaMethod.call(NativeJavaMethod.java:379)
[21:19:36] [ERROR] !   at …rhino.Interpreter.interpretLoop(Interpreter.java:986)
[21:19:36] [ERROR] !   at script(addonpack_alienevo:kubejs_scripts/ride.js:13)
[21:19:36] [ERROR] !   at …rhino.Interpreter.interpret(Interpreter.java:370)
[21:19:36] [ERROR] !   at …rhino.InterpretedFunction.call(InterpretedFunction.java:72)
[21:19:36] [ERROR] !   at …rhino.Context.callSync(Context.java:1357)
[21:19:36] [ERROR] !   at …rhino.Context.doTopCall(Context.java:1374)
[21:19:36] [ERROR] !   at …rhino.InterpretedFunction.call(InterpretedFunction.java:70)
[21:19:36] [ERROR] !   at …rhino.Context.callSync(Context.java:1357)
[21:19:36] [ERROR] !   at …rhino.ArrowFunction.call(ArrowFunction.java:42)
[21:19:36] [ERROR] !   at …rhino.Context.callSync(Context.java:1357)
[21:19:36] [ERROR] !   at …rhino.InterfaceAdapter.invoke(InterfaceAdapter.java:125)
[21:19:36] [ERROR] !   at …rhino.VMBridge.lambda$newInterfaceProxy$0(VMBridge.java:74)
[21:19:36] [ERROR] !   at TRANSFORMER/jdk.proxy3/jdk.proxy3.$Proxy55.onEvent(Unknown Source)
[21:19:36] [ERROR] !   at …kubejs.event.EventHandlerContainer.handle(EventHandlerContainer.java:39)
[21:19:36] [ERROR] !   at …kubejs.event.EventHandler.postToHandlers(EventHandler.java:304)
[21:19:36] [ERROR] !   at …kubejs.event.EventHandler.post(EventHandler.java:272)
[21:19:36] [ERROR] !   at …kubejs.event.EventHandler.post(EventHandler.java:226)
[21:19:36] [ERROR] !   at …kubejs.item.KubeJSItemEventHandler.entityInteract(KubeJSItemEventHandler.java:57)
[21:19:36] [ERROR] !   at dev.architectury.event.forge.EventHandlerImplCommon.eventPlayerInteractEvent(EventHandlerImplCommon.java:348)
[21:19:36] [ERROR] !   at dev.architectury.event.forge.__EventHandlerImplCommon_eventPlayerInteractEvent_EntityInteract.invoke(.dynamic)
[21:19:36] [ERROR] !   at MC-BOOTSTRAP/net.minecraftforge.eventbus/net.minecraftforge.eventbus.ASMEventHandler.invoke(ASMEventHandler.java:73)
[21:19:36] [ERROR] !   at MC-BOOTSTRAP/net.minecraftforge.eventbus/net.minecraftforge.eventbus.EventBus.post(EventBus.java:315)
[21:19:36] [ERROR] !   at MC-BOOTSTRAP/net.minecraftforge.eventbus/net.minecraftforge.eventbus.EventBus.post(EventBus.java:296)
[21:19:36] [ERROR] !   at net.minecraftforge.common.ForgeHooks.onInteractEntity(ForgeHooks.java:764)
[21:19:36] [ERROR] !   at net.minecraft.world.entity.player.Player.m_36157_(Player.java:975)
[21:19:36] [ERROR] !   at net.minecraft.server.network.ServerGamePacketListenerImpl$1.m_143678_(ServerGamePacketListenerImpl.java:1460)
[21:19:36] [ERROR] !   at net.minecraft.server.network.ServerGamePacketListenerImpl$1.m_142299_(ServerGamePacketListenerImpl.java:1472)
[21:19:36] [ERROR] !   at net.minecraft.network.protocol.game.ServerboundInteractPacket$InteractionAction.m_142457_(ServerboundInteractPacket.java:116)
[21:19:36] [ERROR] !   at net.minecraft.network.protocol.game.ServerboundInteractPacket.m_179617_(ServerboundInteractPacket.java:66)
[21:19:36] [ERROR] !   at net.minecraft.server.network.ServerGamePacketListenerImpl.m_6946_(ServerGamePacketListenerImpl.java:1455)
[21:19:36] [ERROR] !   at net.minecraft.network.protocol.game.ServerboundInteractPacket.m_5797_(ServerboundInteractPacket.java:53)
[21:19:36] [ERROR] !   at net.minecraft.network.protocol.game.ServerboundInteractPacket.m_5797_(ServerboundInteractPacket.java:13)
[21:19:36] [ERROR] !   at net.minecraft.network.protocol.PacketUtils.m_263899_(PacketUtils.java:22)
[21:19:36] [ERROR] !   at net.minecraft.server.TickTask.run(TickTask.java:18)
[21:19:36] [ERROR] !   at net.minecraft.util.thread.BlockableEventLoop.m_6367_(BlockableEventLoop.java:156)
[21:19:36] [ERROR] !   at net.minecraft.util.thread.ReentrantBlockableEventLoop.m_6367_(ReentrantBlockableEventLoop.java:23)
[21:19:36] [ERROR] !   at net.minecraft.server.MinecraftServer.m_6367_(MinecraftServer.java:770)
[21:19:36] [ERROR] !   at net.minecraft.server.MinecraftServer.m_6367_(MinecraftServer.java:161)
[21:19:36] [ERROR] !   at net.minecraft.util.thread.BlockableEventLoop.m_7245_(BlockableEventLoop.java:130)
[21:19:36] [ERROR] !   at net.minecraft.server.MinecraftServer.m_129961_(MinecraftServer.java:753)
[21:19:36] [ERROR] !   at net.minecraft.server.MinecraftServer.m_7245_(MinecraftServer.java:747)
[21:19:36] [ERROR] !   at net.minecraft.util.thread.BlockableEventLoop.m_18699_(BlockableEventLoop.java:115)
[21:19:36] [ERROR] !   at net.minecraft.server.MinecraftServer.m_130012_(MinecraftServer.java:732)
[21:19:36] [ERROR] !   at net.minecraft.server.MinecraftServer.m_130011_(MinecraftServer.java:665)
[21:19:36] [ERROR] !   at net.minecraft.server.MinecraftServer.m_206580_(MinecraftServer.java:251)
[21:19:36] [ERROR] !   at java.lang.Thread.run(Thread.java:840)
