[21:25:30] [INIT] KubeJS 2001.6.5-build.16; MC 2001 forge
[21:25:30] [INIT] Loaded plugins:
[21:25:30] [INIT] - dev.latvian.mods.kubejs.forge.BuiltinKubeJSForgePlugin
[21:25:30] [INIT] - net.threetag.palladium.compat.kubejs.PalladiumKubeJSPlugin
[21:25:30] [INFO] example.js#5: Hello, World! (Loaded startup scripts)
[21:25:30] [INFO] Loaded script startup_scripts:example.js in 0.029 s
[21:25:30] [INFO] Loaded script addonpack_alienevo:kubejs_scripts/workbench.js in 0.005 s
[21:25:30] [INFO] Loaded script addonpack_alienevo:kubejs_scripts/wall_run_up.js in 0.001 s
[21:25:30] [INFO] Loaded script addonpack_alienevo:kubejs_scripts/wall_run_down.js in 0.002 s
[21:25:30] [INFO] addonpack_alienevo:kubejs_scripts/wall_run.js#1: Loaded Java class 'net.minecraft.world.level.ClipContext'
[21:25:30] [INFO] addonpack_alienevo:kubejs_scripts/wall_run.js#51: Loaded Java class 'net.minecraft.network.protocol.game.ClientboundSetEntityMotionPacket'
[21:25:30] [INFO] Loaded script addonpack_alienevo:kubejs_scripts/wall_run.js in 0.015 s
[21:25:30] [INFO] Loaded script addonpack_alienevo:kubejs_scripts/wall_climb_small.js in 0.006 s
[21:25:30] [INFO] Loaded script addonpack_alienevo:kubejs_scripts/wall_climb_move_condition.js in 0.0 s
[21:25:30] [INFO] Loaded script addonpack_alienevo:kubejs_scripts/wall_climb_condition.js in 0.0 s
[21:25:30] [INFO] Loaded script addonpack_alienevo:kubejs_scripts/wall_climb.js in 0.004 s
[21:25:30] [INFO] Loaded script addonpack_alienevo:kubejs_scripts/transform.js in 0.01 s
[21:25:30] [INFO] Loaded script addonpack_alienevo:kubejs_scripts/store_armor.js in 0.003 s
[21:25:30] [INFO] Loaded script addonpack_alienevo:kubejs_scripts/stat_ability.js in 0.002 s
[21:25:30] [INFO] Loaded script addonpack_alienevo:kubejs_scripts/sounds.js in 0.001 s
[21:25:30] [INFO] Loaded script addonpack_alienevo:kubejs_scripts/secondary_uniform.js in 0.001 s
[21:25:30] [INFO] Loaded script addonpack_alienevo:kubejs_scripts/screen_shake.js in 0.001 s
[21:25:30] [INFO] Loaded script addonpack_alienevo:kubejs_scripts/quick_change_skill.js in 0.014 s
[21:25:30] [INFO] Loaded script addonpack_alienevo:kubejs_scripts/quick_change.js in 0.001 s
[21:25:30] [INFO] Loaded script addonpack_alienevo:kubejs_scripts/pyro_surf.js in 0.001 s
[21:25:30] [INFO] Loaded script addonpack_alienevo:kubejs_scripts/playlist_cycle.js in 0.001 s
[21:25:30] [INFO] Loaded script addonpack_alienevo:kubejs_scripts/omnitrix_timer.js in 0.013 s
[21:25:30] [INFO] Loaded script addonpack_alienevo:kubejs_scripts/omnitrix_cycle_animation.js in 0.004 s
[21:25:30] [INFO] Loaded script addonpack_alienevo:kubejs_scripts/omnitrix_cycle.js in 0.008 s
[21:25:30] [INFO] Loaded script addonpack_alienevo:kubejs_scripts/obtain_core_colors.js in 0.004 s
[21:25:30] [INFO] Loaded script addonpack_alienevo:kubejs_scripts/motion_water.js in 0.001 s
[21:25:30] [INFO] Loaded script addonpack_alienevo:kubejs_scripts/motion_dash.js in 0.001 s
[21:25:30] [INFO] Loaded script addonpack_alienevo:kubejs_scripts/motion.js in 0.0 s
[21:25:30] [INFO] Loaded script addonpack_alienevo:kubejs_scripts/main_uniform.js in 0.001 s
[21:25:30] [INFO] Loaded script addonpack_alienevo:kubejs_scripts/level.js in 0.002 s
[21:25:30] [INFO] Loaded script addonpack_alienevo:kubejs_scripts/is_alien.js in 0.001 s
[21:25:30] [INFO] Loaded script addonpack_alienevo:kubejs_scripts/infinity.js in 0.001 s
[21:25:30] [INFO] Loaded script addonpack_alienevo:kubejs_scripts/ice_layer.js in 0.001 s
[21:25:30] [INFO] Loaded script addonpack_alienevo:kubejs_scripts/hunger_fix.js in 0.0 s
[21:25:30] [INFO] Loaded script addonpack_alienevo:kubejs_scripts/goo_layer.js in 0.002 s
[21:25:30] [INFO] Loaded script addonpack_alienevo:kubejs_scripts/glow_crystals.js in 0.003 s
[21:25:30] [INFO] Loaded script addonpack_alienevo:kubejs_scripts/glow_color.js in 0.001 s
[21:25:30] [INFO] Loaded script addonpack_alienevo:kubejs_scripts/galvan_pod.js in 0.001 s
[21:25:30] [INFO] Loaded script addonpack_alienevo:kubejs_scripts/explosion.js in 0.001 s
[21:25:30] [INFO] Loaded script addonpack_alienevo:kubejs_scripts/entity_damage.js in 0.002 s
[21:25:30] [INFO] Loaded script addonpack_alienevo:kubejs_scripts/draganoid.js in 0.007 s
[21:25:30] [INFO] Loaded script addonpack_alienevo:kubejs_scripts/directional_damage.js in 0.002 s
[21:25:30] [INFO] addonpack_alienevo:kubejs_scripts/diamond_spikes.js#1: Loaded Java class 'net.minecraft.world.level.block.AmethystClusterBlock'
[21:25:30] [INFO] addonpack_alienevo:kubejs_scripts/diamond_spikes.js#2: Loaded Java class 'net.minecraft.world.level.block.state.BlockBehaviour$Properties'
[21:25:30] [INFO] addonpack_alienevo:kubejs_scripts/diamond_spikes.js#3: Loaded Java class 'net.minecraft.world.level.block.SoundType'
[21:25:30] [INFO] addonpack_alienevo:kubejs_scripts/diamond_spikes.js#4: Loaded Java class 'net.minecraft.world.item.BlockItem'
[21:25:30] [INFO] addonpack_alienevo:kubejs_scripts/diamond_spikes.js#5: Loaded Java class 'net.minecraft.world.item.Item$Properties'
[21:25:30] [INFO] Loaded script addonpack_alienevo:kubejs_scripts/diamond_spikes.js in 0.018 s
[21:25:30] [INFO] Loaded script addonpack_alienevo:kubejs_scripts/diamond_block.js in 0.001 s
[21:25:30] [INFO] Loaded script addonpack_alienevo:kubejs_scripts/detransform.js in 0.001 s
[21:25:30] [INFO] Loaded script addonpack_alienevo:kubejs_scripts/decouple.js in 0.01 s
[21:25:30] [INFO] Loaded script addonpack_alienevo:kubejs_scripts/damage_effect.js in 0.002 s
[21:25:30] [INFO] Loaded script addonpack_alienevo:kubejs_scripts/cycle_sounds.js in 0.001 s
[21:25:30] [INFO] Loaded script addonpack_alienevo:kubejs_scripts/core_removal.js in 0.008 s
[21:25:30] [INFO] Loaded script addonpack_alienevo:kubejs_scripts/color_modules.js in 0.002 s
[21:25:30] [INFO] Loaded script addonpack_alienevo:kubejs_scripts/codes.js in 0.002 s
[21:25:30] [INFO] Loaded script addonpack_alienevo:kubejs_scripts/charge_leap.js in 0.001 s
[21:25:30] [INFO] Loaded script addonpack_alienevo:kubejs_scripts/blocks.js in 0.001 s
[21:25:30] [INFO] Loaded script addonpack_alienevo:kubejs_scripts/behind.js in 0.001 s
[21:25:30] [INFO] addonpack_alienevo:kubejs_scripts/astro_powers.js#1: Loaded Java class 'net.minecraft.world.phys.Vec3'
[21:25:30] [INFO] Loaded script addonpack_alienevo:kubejs_scripts/astro_powers.js in 0.003 s
[21:25:30] [INFO] Loaded script addonpack_alienevo:kubejs_scripts/alien_codex.js in 0.001 s
[21:25:30] [INFO] Loaded script addonpack_alienevo:kubejs_scripts/alienevo_color_condition.js in 0.0 s
[21:25:30] [INFO] Loaded script addonpack_afomni:kubejs_scripts/new_ice_block.js in 0.0 s
[21:25:30] [INFO] Loaded script addonpack_afomni:kubejs_scripts/leap_vax.js in 0.001 s
[21:25:30] [INFO] Loaded script addonpack_afomni:kubejs_scripts/is_mainhand.js in 0.0 s
[21:25:30] [INFO] Loaded script addonpack_afomni:kubejs_scripts/freezing_effect.js in 0.001 s
[21:25:30] [INFO] Loaded script addonpack_afomni:kubejs_scripts/chroma_leap.js in 0.001 s
[21:25:30] [INFO] Loaded script addonpack_afomni:kubejs_scripts/aoe_damage.js in 0.001 s
[21:25:30] [INFO] Loaded script addonpack_mypowers:kubejs_scripts/teleport.js in 0.001 s
[21:25:30] [INFO] Loaded script addonpack_mypowers:kubejs_scripts/telekinesis.js in 0.0 s
[21:25:30] [INFO] Loaded script addonpack_mypowers:kubejs_scripts/nullvoid_soil.js in 0.0 s
[21:25:30] [INFO] Loaded script addonpack_mypowers:kubejs_scripts/alien_codex.js in 0.0 s
[21:25:30] [INFO] Loaded script addonpack_satsu_iron_man_addon:kubejs_scripts/teleport_ability.js in 0.001 s
[21:25:30] [INFO] Loaded script addonpack_satsu_iron_man_addon:kubejs_scripts/new_ability.js in 0.001 s
[21:25:30] [INFO] Loaded script addonpack_satsu_iron_man_addon:kubejs_scripts/height.js in 0.001 s
[21:25:30] [INFO] Loaded script addonpack_satsu_iron_man_addon:kubejs_scripts/entity_damage.js in 0.004 s
[21:25:30] [INFO] Loaded script addonpack_satsu_iron_man_addon:kubejs_scripts/destroy.js in 0.001 s
[21:25:30] [INFO] Loaded script addonpack_satsu_iron_man_addon:kubejs_scripts/bosa_scoreboard.js in 0.0 s
[21:25:30] [INFO] Loaded script addonpack_grave.core:kubejs_scripts/uuid_condition.js in 0.0 s
[21:25:30] [INFO] addonpack_grave.core:kubejs_scripts/telekinesis.js#3: Loaded Java class 'net.minecraft.world.entity.projectile.ProjectileUtil'
[21:25:30] [INFO] addonpack_grave.core:kubejs_scripts/telekinesis.js#4: Loaded Java class 'net.minecraft.core.registries.Registries'
[21:25:30] [INFO] addonpack_grave.core:kubejs_scripts/telekinesis.js#5: Loaded Java class 'net.minecraft.tags.TagKey'
[21:25:30] [INFO] Loaded script addonpack_grave.core:kubejs_scripts/telekinesis.js in 0.032 s
[21:25:30] [INFO] Loaded script addonpack_grave.core:kubejs_scripts/store_armour.js in 0.001 s
[21:25:30] [INFO] Loaded script addonpack_grave.core:kubejs_scripts/stone_index.js in 0.001 s
[21:25:30] [INFO] Loaded script addonpack_grave.core:kubejs_scripts/stone_detection.js in 0.001 s
[21:25:30] [INFO] Loaded script addonpack_grave.core:kubejs_scripts/sonic_deafening.js in 0.0 s
[21:25:30] [INFO] Loaded script addonpack_grave.core:kubejs_scripts/snazzier_attribute_ability.js in 0.0 s
[21:25:30] [INFO] Loaded script addonpack_grave.core:kubejs_scripts/shock_effect.js in 0.0 s
[21:25:30] [INFO] Loaded script addonpack_grave.core:kubejs_scripts/setppbyscore.js in 0.0 s
[21:25:30] [INFO] Loaded script addonpack_grave.core:kubejs_scripts/projectile_script.js in 0.0 s
[21:25:30] [INFO] Loaded script addonpack_grave.core:kubejs_scripts/power_selected.js in 0.001 s
[21:25:30] [INFO] Loaded script addonpack_grave.core:kubejs_scripts/persistent_data_condition.js in 0.0 s
[21:25:30] [INFO] Loaded script addonpack_grave.core:kubejs_scripts/null_persistent_data_condition.js in 0.0 s
[21:25:30] [INFO] Loaded script addonpack_grave.core:kubejs_scripts/no_burn.js in 0.0 s
[21:25:30] [INFO] Loaded script addonpack_grave.core:kubejs_scripts/movement.js in 0.0 s
[21:25:30] [INFO] Loaded script addonpack_grave.core:kubejs_scripts/month_condition.js in 0.001 s
[21:25:30] [INFO] Loaded script addonpack_grave.core:kubejs_scripts/main_hand_condition.js in 0.0 s
[21:25:30] [INFO] Loaded script addonpack_grave.core:kubejs_scripts/knockback.js in 0.002 s
[21:25:30] [INFO] Loaded script addonpack_grave.core:kubejs_scripts/key_condition.js in 0.001 s
[21:25:30] [INFO] Loaded script addonpack_grave.core:kubejs_scripts/items.js in 0.002 s
[21:25:30] [INFO] addonpack_grave.core:kubejs_scripts/get_energy_condition.js#2: Loaded Java class 'net.threetag.palladium.compat.curiostinkets.CuriosTrinketsUtil'
[21:25:30] [INFO] addonpack_grave.core:kubejs_scripts/get_energy_condition.js#3: Loaded Java class 'net.threetag.palladium.energy.EnergyHelper'
[21:25:30] [INFO] Loaded script addonpack_grave.core:kubejs_scripts/get_energy_condition.js in 0.005 s
[21:25:30] [INFO] Loaded script addonpack_grave.core:kubejs_scripts/freeze_effect.js in 0.0 s
[21:25:30] [INFO] Loaded script addonpack_grave.core:kubejs_scripts/explosion.js in 0.0 s
[21:25:30] [INFO] addonpack_grave.core:kubejs_scripts/effect_condition.js#6: Loaded Java class 'net.minecraft.core.registries.BuiltInRegistries'
[21:25:30] [INFO] Loaded script addonpack_grave.core:kubejs_scripts/effect_condition.js in 0.002 s
[21:25:30] [INFO] addonpack_grave.core:kubejs_scripts/dynamic_pehkui_scale.js#1: Loaded Java class 'net.threetag.palladium.util.SizeUtil'
[21:25:30] [INFO] Loaded script addonpack_grave.core:kubejs_scripts/dynamic_pehkui_scale.js in 0.002 s
[21:25:30] [INFO] Loaded script addonpack_grave.core:kubejs_scripts/drain_per_tick.js in 0.001 s
[21:25:30] [INFO] Loaded script addonpack_grave.core:kubejs_scripts/drain_accessory_energy.js in 0.0 s
[21:25:30] [INFO] Loaded script addonpack_grave.core:kubejs_scripts/does_accessory_have_energy.js in 0.0 s
[21:25:30] [INFO] Loaded script addonpack_grave.core:kubejs_scripts/does_accessory_exist.js in 0.001 s
[21:25:30] [INFO] Loaded script addonpack_grave.core:kubejs_scripts/date_condition.js in 0.001 s
[21:25:30] [INFO] Loaded script addonpack_grave.core:kubejs_scripts/compare_accessory_energy.js in 0.0 s
[21:25:30] [INFO] Loaded script addonpack_grave.core:kubejs_scripts/charged_knockback.js in 0.001 s
[21:25:30] [INFO] Loaded script addonpack_grave.core:kubejs_scripts/camera.js in 0.0 s
[21:25:30] [INFO] Loaded script addonpack_grave.core:kubejs_scripts/burning_effect.js in 0.001 s
[21:25:30] [INFO] Loaded script addonpack_grave.core:kubejs_scripts/blocks.js in 0.001 s
[21:25:30] [INFO] Loaded script addonpack_grave.core:kubejs_scripts/aoe_knockback.js in 0.001 s
[21:25:30] [INFO] Loaded script addonpack_grave.core:kubejs_scripts/aoe_damage.js in 0.001 s
[21:25:30] [INFO] Loaded 108/108 KubeJS startup scripts in 0.517 s with 0 errors and 0 warnings
[21:25:35] [INFO] addonpack_alienevo:kubejs_scripts/glow_crystals.js#3: Loaded Java class 'dev.latvian.mods.kubejs.item.custom.BasicItemJS$Builder'
